<?xml version="1.0" encoding="UTF-8"?>
<!-- Generated by org.testng.reporters.JUnitReportReporter -->
<testsuite skipped="0" hostname="DESKTOP-G8RIQNG" name="GetRequest.TestCase1" tests="1" failures="0" timestamp="06 Mar 2020 19:10:19 GMT" time="2.104" errors="0">
  <testcase name="fCmpFromFile1" time="2.104" classname="GetRequest.TestCase1"/>
</testsuite> <!-- GetRequest.TestCase1 -->
