<?xml version="1.0" encoding="UTF-8"?>
<!-- Generated by org.testng.reporters.JUnitReportReporter -->
<testsuite skipped="0" hostname="DESKTOP-G8RIQNG" name="GetRequest.GetData" tests="1" failures="0" timestamp="04 Mar 2020 00:08:40 GMT" time="2.174" errors="0">
  <testcase name="testResponsecode" time="2.174" classname="GetRequest.GetData"/>
</testsuite> <!-- GetRequest.GetData -->
