<?xml version="1.0" encoding="UTF-8"?>
<!-- Generated by org.testng.reporters.JUnitReportReporter -->
<testsuite skipped="0" hostname="DESKTOP-G8RIQNG" name="GetRequest.ReadFromFile" tests="1" failures="0" timestamp="04 Mar 2020 13:00:00 GMT" time="2.093" errors="0">
  <testcase name="readgson" time="2.093" classname="GetRequest.ReadFromFile"/>
</testsuite> <!-- GetRequest.ReadFromFile -->
